[2025-05-29T14:35:31.474Z] === ENVIANDO NOTIFICACIÓN INDIVIDUAL (Aspirante: 4fa12bd1-35af-11f0-9117-8c17590e4948, Grupo: 58ddc7eb-0ba6-11f0-a231-047c163ab16f) ===
[2025-05-29T14:35:32.530Z] Correo enviado exitosamente a: helloitsme@gmail.com (Emilia Cardenas)
[2025-05-29T14:35:32.531Z] Notificación individual enviada exitosamente a: helloitsme@gmail.com
[2025-05-29T14:36:42.588Z] === ENVIANDO NOTIFICACIÓN INDIVIDUAL (Aspirante: 4fa12bd1-35af-11f0-9117-8c17590e4948, Grupo: 58ddc7eb-0ba6-11f0-a231-047c163ab16f) ===
[2025-05-29T14:36:43.287Z] Correo enviado exitosamente a: milliscalelas@gmail.com (Emilia Cardenas)
[2025-05-29T14:36:43.350Z] Notificación individual enviada exitosamente a: milliscalelas@gmail.com
[2025-05-29T14:37:26.189Z] === ENVIANDO NOTIFICACIÓN INDIVIDUAL (Aspirante: 4fa12bd1-35af-11f0-9117-8c17590e4948, Grupo: 58ddc7eb-0ba6-11f0-a231-047c163ab16f) ===
[2025-05-29T14:37:26.795Z] Correo enviado exitosamente a: milliscalelas@gmail.com (Emilia Cardenas)
[2025-05-29T14:37:26.797Z] Notificación individual enviada exitosamente a: milliscalelas@gmail.com
[2025-05-29T14:48:43.267Z] === ENVIANDO NOTIFICACIÓN INDIVIDUAL (Aspirante: 45e582b8-0ba6-11f0-a231-047c163ab16f, Grupo: 58ddc7eb-0ba6-11f0-a231-047c163ab16f) ===
[2025-05-29T14:48:43.271Z] Aspirante no encontrado o no tiene documentos faltantes.
[2025-05-29T14:49:05.611Z] === ENVIANDO NOTIFICACIÓN INDIVIDUAL (Aspirante: 45e582b8-0ba6-11f0-a231-047c163ab16f, Grupo: 58ddc7eb-0ba6-11f0-a231-047c163ab16f) ===
[2025-05-29T14:49:05.613Z] Aspirante no encontrado o no tiene documentos faltantes.
[2025-05-29T14:50:02.242Z] === ENVIANDO NOTIFICACIÓN INDIVIDUAL (Aspirante: 4fa12bd1-35af-11f0-9117-8c17590e4948, Grupo: 58ddc7eb-0ba6-11f0-a231-047c163ab16f) ===
[2025-05-29T14:50:02.547Z] Correo enviado exitosamente a: milliscalelas@gmail.com (Emilia Cardenas)
[2025-05-29T14:50:02.549Z] Notificación individual enviada exitosamente a: milliscalelas@gmail.com
[2025-05-29T14:50:21.565Z] === ENVIANDO NOTIFICACIÓN INDIVIDUAL (Aspirante: 4fa12bd1-35af-11f0-9117-8c17590e4948, Grupo: 58ddc7eb-0ba6-11f0-a231-047c163ab16f) ===
[2025-05-29T14:50:21.693Z] Correo enviado exitosamente a: milliscalelas@gmail.com (Emilia Cardenas)
[2025-05-29T14:50:21.694Z] Notificación individual enviada exitosamente a: milliscalelas@gmail.com
[2025-05-29T15:06:48.309Z] === ENVIANDO NOTIFICACIÓN INDIVIDUAL (Aspirante: 4fa12bd1-35af-11f0-9117-8c17590e4948, Grupo: 58ddc7eb-0ba6-11f0-a231-047c163ab16f) ===
[2025-05-29T15:06:48.703Z] Correo enviado exitosamente a: milliscalelas@gmail.com (Emilia Cardenas)
[2025-05-29T15:06:48.705Z] Notificación individual enviada exitosamente a: milliscalelas@gmail.com
[2025-05-29T15:08:19.789Z] === ENVIANDO NOTIFICACIÓN INDIVIDUAL (Aspirante: 4fa12bd1-35af-11f0-9117-8c17590e4948, Grupo: 58ddc7eb-0ba6-11f0-a231-047c163ab16f) ===
[2025-05-29T15:08:20.171Z] Correo enviado exitosamente a: milliscalelas@gmail.com (Emilia Cardenas)
[2025-05-29T15:08:20.172Z] Notificación individual enviada exitosamente a: milliscalelas@gmail.com
[2025-05-29T15:12:20.971Z] === ENVIANDO NOTIFICACIÓN INDIVIDUAL (Aspirante: 4fa12bd1-35af-11f0-9117-8c17590e4948, Grupo: 58ddc7eb-0ba6-11f0-a231-047c163ab16f) ===
[2025-05-29T15:12:21.472Z] Correo enviado exitosamente a: milliscalelas@gmail.com (Emilia Cardenas)
[2025-05-29T15:12:21.474Z] Notificación individual enviada exitosamente a: milliscalelas@gmail.com
